#
# There is insufficient memory for the Java Runtime Environment to continue.
# Native memory allocation (malloc) failed to allocate 1048576 bytes for AllocateHeap
# Possible reasons:
#   The system is out of physical RAM or swap space
#   In 32 bit mode, the process size limit was hit
# Possible solutions:
#   Reduce memory load on the system
#   Increase physical memory or swap space
#   Check if swap backing store is full
#   Use 64 bit Java on a 64 bit OS
#   Decrease Java heap size (-Xmx/-Xms)
#   Decrease number of Java threads
#   Decrease Java thread stack sizes (-Xss)
#   Set larger code cache with -XX:ReservedCodeCacheSize=
# This output file may be truncated or incomplete.
#
#  Out of Memory Error (memory/allocation.inline.hpp:61), pid=22480, tid=0x0000000000004a70
#
# JRE version:  (8.0_131-b11) (build )
# Java VM: Java HotSpot(TM) 64-Bit Server VM (25.131-b11 mixed mode windows-amd64 compressed oops)
# Failed to write core dump. Minidumps are not enabled by default on client versions of Windows
#

---------------  T H R E A D  ---------------

Current thread (0x0000000002440800):  JavaThread "Unknown thread" [_thread_in_vm, id=19056, stack(0x0000000002340000,0x0000000002440000)]

Stack: [0x0000000002340000,0x0000000002440000]
[error occurred during error reporting (printing stack bounds), id 0xc0000005]

Native frames: (J=compiled Java code, j=interpreted, Vv=VM code, C=native code)


---------------  P R O C E S S  ---------------

Java Threads: ( => current thread )

Other Threads:

=>0x0000000002440800 (exited) JavaThread "Unknown thread" [_thread_in_vm, id=19056, stack(0x0000000002340000,0x0000000002440000)]

VM state:not at safepoint (normal execution)

VM Mutex/Monitor currently owned by a thread: None

Heap:
 PSYoungGen      total 38400K, used 665K [0x00000000d5e00000, 0x00000000d8880000, 0x0000000100000000)
  eden space 33280K, 2% used [0x00000000d5e00000,0x00000000d5ea6670,0x00000000d7e80000)
  from space 5120K, 0% used [0x00000000d8380000,0x00000000d8380000,0x00000000d8880000)
  to   space 5120K, 0% used [0x00000000d7e80000,0x00000000d7e80000,0x00000000d8380000)
 ParOldGen       total 87552K, used 0K [0x0000000081a00000, 0x0000000086f80000, 0x00000000d5e00000)
  object space 87552K, 0% used [0x0000000081a00000,0x0000000081a00000,0x0000000086f80000)
 Metaspace       used 746K, capacity 4480K, committed 4480K, reserved 1056768K
  class space    used 75K, capacity 384K, committed 384K, reserved 1048576K

Card table byte_map: [0x0000000011900000,0x0000000011d00000] byte_map_base: 0x00000000114f3000

Marking Bits: (ParMarkBitMap*) 0x000000005313c720
 Begin Bits: [0x00000000127b0000, 0x0000000014748000)
 End Bits:   [0x0000000014748000, 0x00000000166e0000)

Polling page: 0x00000000008a0000

CodeCache: size=245760Kb used=328Kb max_used=328Kb free=245431Kb
 bounds [0x0000000002540000, 0x00000000027b0000, 0x0000000011540000]
 total_blobs=58 nmethods=0 adapters=38
 compilation: enabled

Compilation events (0 events):
No events

GC Heap History (0 events):
No events

Deoptimization events (0 events):
No events

Internal exceptions (0 events):
No events

Events (10 events):
Event: 0.179 loading class java/lang/Short
Event: 0.179 loading class java/lang/Short done
Event: 0.179 loading class java/lang/Integer
Event: 0.179 loading class java/lang/Integer done
Event: 0.179 loading class java/lang/Long
Event: 0.179 loading class java/lang/Long done
Event: 0.179 loading class java/lang/NullPointerException
Event: 0.179 loading class java/lang/NullPointerException done
Event: 0.179 loading class java/lang/ArithmeticException
Event: 0.179 loading class java/lang/ArithmeticException done


Dynamic libraries:
0x00007ff7fc320000 - 0x00007ff7fc357000 	C:\Program Files\Java\jre1.8.0_131\bin\javaw.exe
0x00007ffaef950000 - 0x00007ffaefb2b000 	C:\WINDOWS\SYSTEM32\ntdll.dll
0x00007ffaed3d0000 - 0x00007ffaed47e000 	C:\WINDOWS\System32\KERNEL32.DLL
0x00007ffaec040000 - 0x00007ffaec289000 	C:\WINDOWS\System32\KERNELBASE.dll
0x00007ffaed1d0000 - 0x00007ffaed271000 	C:\WINDOWS\System32\ADVAPI32.dll
0x00007ffaed130000 - 0x00007ffaed1cd000 	C:\WINDOWS\System32\msvcrt.dll
0x00007ffaed4a0000 - 0x00007ffaed4f9000 	C:\WINDOWS\System32\sechost.dll
0x00007ffaeee30000 - 0x00007ffaeef55000 	C:\WINDOWS\System32\RPCRT4.dll
0x00007ffaecee0000 - 0x00007ffaed02a000 	C:\WINDOWS\System32\USER32.dll
0x00007ffaecd90000 - 0x00007ffaecdae000 	C:\WINDOWS\System32\win32u.dll
0x00007ffaed280000 - 0x00007ffaed2a7000 	C:\WINDOWS\System32\GDI32.dll
0x00007ffaecc00000 - 0x00007ffaecd88000 	C:\WINDOWS\System32\gdi32full.dll
0x00007ffaecb60000 - 0x00007ffaecbfa000 	C:\WINDOWS\System32\msvcp_win.dll
0x00007ffaebe70000 - 0x00007ffaebf66000 	C:\WINDOWS\System32\ucrtbase.dll
0x00007ffae2400000 - 0x00007ffae2667000 	C:\WINDOWS\WinSxS\amd64_microsoft.windows.common-controls_6595b64144ccf1df_6.0.15063.483_none_26002d27e7c744a2\COMCTL32.dll
0x00007ffaed500000 - 0x00007ffaed7f9000 	C:\WINDOWS\System32\combase.dll
0x00007ffaebf70000 - 0x00007ffaebfda000 	C:\WINDOWS\System32\bcryptPrimitives.dll
0x00007ffaeceb0000 - 0x00007ffaecedd000 	C:\WINDOWS\System32\IMM32.DLL
0x0000000052840000 - 0x0000000052912000 	C:\Program Files\Java\jre1.8.0_131\bin\msvcr100.dll
0x0000000052920000 - 0x00000000531bc000 	C:\Program Files\Java\jre1.8.0_131\bin\server\jvm.dll
0x00007ffaeee20000 - 0x00007ffaeee28000 	C:\WINDOWS\System32\PSAPI.DLL
0x00007ffae7370000 - 0x00007ffae7379000 	C:\WINDOWS\SYSTEM32\WSOCK32.dll
0x00007ffaef5f0000 - 0x00007ffaef65c000 	C:\WINDOWS\System32\WS2_32.dll
0x00007ffae53c0000 - 0x00007ffae53e3000 	C:\WINDOWS\SYSTEM32\WINMM.dll
0x00007ffae4610000 - 0x00007ffae461a000 	C:\WINDOWS\SYSTEM32\VERSION.dll
0x00007ffae5380000 - 0x00007ffae53ab000 	C:\WINDOWS\SYSTEM32\WINMMBASE.dll
0x00007ffaece60000 - 0x00007ffaecea9000 	C:\WINDOWS\System32\cfgmgr32.dll
0x0000000052830000 - 0x000000005283f000 	C:\Program Files\Java\jre1.8.0_131\bin\verify.dll
0x0000000052800000 - 0x0000000052829000 	C:\Program Files\Java\jre1.8.0_131\bin\java.dll
0x00000000527e0000 - 0x00000000527f6000 	C:\Program Files\Java\jre1.8.0_131\bin\zip.dll

VM Arguments:
jvm_args: -Dfile.encoding=Cp1252 
java_command: de.clearit.Artikelerfassung.ArtikelerfassungsApp
java_class_path (initial): C:\Users\Kenan.Horoz\Swing\Artikelerfassung\bin
Launcher Type: SUN_STANDARD

Environment Variables:
PATH=C:/Program Files/Java/jre1.8.0_131/bin/server;C:/Program Files/Java/jre1.8.0_131/bin;C:/Program Files/Java/jre1.8.0_131/lib/amd64;C:\Python36\Scripts\;C:\Python36\;C:\ProgramData\Oracle\Java\javapath;C:\WINDOWS\system32;C:\WINDOWS;C:\WINDOWS\System32\Wbem;C:\WINDOWS\System32\WindowsPowerShell\v1.0\;C:\ Ruby23\bin;C:\ RubyDevkit\bin;C:\Program Files\Git\cmd;C:\Program Files\Git\mingw64\bin;C:\Program Files\Git\usr\bin;C:\Program Files\nodejs\;C:\Program Files (x86)\Windows Kits\8.1\Windows Performance Toolkit\;C:\Ruby23\bin;C:\Users\Kenan.Horoz\AppData\Local\Microsoft\WindowsApps;C:\Users\Kenan.Horoz\AppData\Local\atom\bin;C:\Users\Kenan.Horoz\AppData\Roaming\npm;%USERPROFILE%\AppData\Local\Microsoft\WindowsApps;;C:\Users\Kenan.Horoz\Desktop;
USERNAME=Kenan.Horoz
OS=Windows_NT
PROCESSOR_IDENTIFIER=Intel64 Family 6 Model 94 Stepping 3, GenuineIntel



---------------  S Y S T E M  ---------------

OS: Windows 10.0 , 64 bit Build 15063 (10.0.15063.296)

CPU:total 8 (initial active 8) (4 cores per cpu, 2 threads per core) family 6 model 94 stepping 3, cmov, cx8, fxsr, mmx, sse, sse2, sse3, ssse3, sse4.1, sse4.2, popcnt, avx, avx2, aes, clmul, erms, rtm, 3dnowpref, lzcnt, ht, tsc, tscinvbit, bmi1, bmi2, adx

Memory: 4k page, physical 8277540k(1645516k free), swap 33443364k(5264k free)

vm_info: Java HotSpot(TM) 64-Bit Server VM (25.131-b11) for windows-amd64 JRE (1.8.0_131-b11), built on Mar 15 2017 01:23:53 by "java_re" with MS VC++ 10.0 (VS2010)

time: Tue Nov 07 16:06:19 2017
elapsed time: 0 seconds (0d 0h 0m 0s)

